<?xml version="1.0" encoding="UTF-8"?>
<testng-results ignored="0" total="1" passed="1" failed="0" skipped="0">
  <reporter-output>
  </reporter-output>
  <suite started-at="2025-10-03T15:21:21 IST" name="Default suite" finished-at="2025-10-03T15:21:33 IST" duration-ms="12332">
    <groups>
    </groups>
    <test started-at="2025-10-03T15:21:21 IST" name="Default test" finished-at="2025-10-03T15:21:33 IST" duration-ms="12332">
      <class name="com.test.LoginTest">
        <test-method is-config="true" signature="setUp()[pri:0, instance:com.test.LoginTest@2d3379b4]" started-at="2025-10-03T15:21:21 IST" name="setUp" finished-at="2025-10-03T15:21:29 IST" duration-ms="7616" status="PASS">
          <reporter-output>
          </reporter-output>
        </test-method> <!-- setUp -->
        <test-method signature="onTest()[pri:0, instance:com.test.LoginTest@2d3379b4]" started-at="2025-10-03T15:21:29 IST" name="onTest" finished-at="2025-10-03T15:21:33 IST" duration-ms="4281" status="PASS">
          <reporter-output>
          </reporter-output>
        </test-method> <!-- onTest -->
        <test-method is-config="true" signature="tearDown()[pri:0, instance:com.test.LoginTest@2d3379b4]" started-at="2025-10-03T15:21:33 IST" name="tearDown" finished-at="2025-10-03T15:21:33 IST" duration-ms="334" status="PASS">
          <reporter-output>
          </reporter-output>
        </test-method> <!-- tearDown -->
      </class> <!-- com.test.LoginTest -->
    </test> <!-- Default test -->
  </suite> <!-- Default suite -->
</testng-results>
